[2018-01-05 17:04:10] 2018-01-05 17:04:10 exception 'Phalcon\Mvc\Dispatcher\Exception' with message 'app\controllers\HomeController handler class cannot be loaded' in /data1/work/zf/store/public/index.php:112
Stack trace:
#0 [internal function]: Phalcon\Mvc\Dispatcher->_throwDispatchException('app\\controllers...', 2)
#1 [internal function]: Phalcon\Dispatcher->dispatch()
#2 /data1/work/zf/store/public/index.php(112): Phalcon\Mvc\Application->handle()
#3 {main}
[2018-01-05 17:12:32] 2018-01-05 17:12:32 exception 'Phalcon\Mvc\Dispatcher\Exception' with message 'app\controllers\ImgController handler class cannot be loaded' in /data1/work/zf/store/public/index.php:112
Stack trace:
#0 [internal function]: Phalcon\Mvc\Dispatcher->_throwDispatchException('app\\controllers...', 2)
#1 [internal function]: Phalcon\Dispatcher->dispatch()
#2 /data1/work/zf/store/public/index.php(112): Phalcon\Mvc\Application->handle()
#3 {main}
[2018-01-05 17:15:10] 2018-01-05 17:15:10 exception 'Phalcon\Mvc\Dispatcher\Exception' with message 'app\controllers\ImgController handler class cannot be loaded' in /data1/work/zf/store/public/index.php:112
Stack trace:
#0 [internal function]: Phalcon\Mvc\Dispatcher->_throwDispatchException('app\\controllers...', 2)
#1 [internal function]: Phalcon\Dispatcher->dispatch()
#2 /data1/work/zf/store/public/index.php(112): Phalcon\Mvc\Application->handle()
#3 {main}
[2018-01-05 17:18:04] 2018-01-05 17:18:04 exception 'Phalcon\Mvc\Dispatcher\Exception' with message 'app\controllers\ApiController handler class cannot be loaded' in /data1/work/zf/store/public/index.php:112
Stack trace:
#0 [internal function]: Phalcon\Mvc\Dispatcher->_throwDispatchException('app\\controllers...', 2)
#1 [internal function]: Phalcon\Dispatcher->dispatch()
#2 /data1/work/zf/store/public/index.php(112): Phalcon\Mvc\Application->handle()
#3 {main}
[2018-01-05 17:36:36] 2018-01-05 17:36:36 exception 'Phalcon\Mvc\Dispatcher\Exception' with message 'app\controllers\TestController handler class cannot be loaded' in /data1/work/zf/store/public/index.php:71
Stack trace:
#0 [internal function]: Phalcon\Mvc\Dispatcher->_throwDispatchException('app\\controllers...', 2)
#1 [internal function]: Phalcon\Dispatcher->dispatch()
#2 /data1/work/zf/store/public/index.php(71): Phalcon\Mvc\Application->handle()
#3 {main}
