[2018-01-05 15:00:00] 2018-01-05 15:00:00 exception 'Phalcon\Mvc\Dispatcher\Exception' with message 'app\controllers\ImgController handler class cannot be loaded' in /data1/work/zf/store/public/index.php:110
Stack trace:
#0 [internal function]: Phalcon\Mvc\Dispatcher->_throwDispatchException('app\\controllers...', 2)
#1 [internal function]: Phalcon\Dispatcher->dispatch()
#2 /data1/work/zf/store/public/index.php(110): Phalcon\Mvc\Application->handle()
#3 {main}
[2018-01-05 15:00:22] 2018-01-05 15:00:22 exception 'Phalcon\Mvc\Dispatcher\Exception' with message 'app\controllers\AppController handler class cannot be loaded' in /data1/work/zf/store/public/index.php:110
Stack trace:
#0 [internal function]: Phalcon\Mvc\Dispatcher->_throwDispatchException('app\\controllers...', 2)
#1 [internal function]: Phalcon\Dispatcher->dispatch()
#2 /data1/work/zf/store/public/index.php(110): Phalcon\Mvc\Application->handle()
#3 {main}
[2018-01-05 15:16:34] 2018-01-05 15:16:34 exception 'Phalcon\Mvc\Dispatcher\Exception' with message 'app\controllers\AppController handler class cannot be loaded' in /data1/work/zf/store/public/index.php:110
Stack trace:
#0 [internal function]: Phalcon\Mvc\Dispatcher->_throwDispatchException('app\\controllers...', 2)
#1 [internal function]: Phalcon\Dispatcher->dispatch()
#2 /data1/work/zf/store/public/index.php(110): Phalcon\Mvc\Application->handle()
#3 {main}
[2018-01-05 15:16:35] 2018-01-05 15:16:35 exception 'Phalcon\Mvc\Dispatcher\Exception' with message 'app\controllers\AppController handler class cannot be loaded' in /data1/work/zf/store/public/index.php:110
Stack trace:
#0 [internal function]: Phalcon\Mvc\Dispatcher->_throwDispatchException('app\\controllers...', 2)
#1 [internal function]: Phalcon\Dispatcher->dispatch()
#2 /data1/work/zf/store/public/index.php(110): Phalcon\Mvc\Application->handle()
#3 {main}
[2018-01-05 15:17:48] 2018-01-05 15:17:48 exception 'Phalcon\Mvc\Dispatcher\Exception' with message 'app\controllers\AppController handler class cannot be loaded' in /data1/work/zf/store/public/index.php:110
Stack trace:
#0 [internal function]: Phalcon\Mvc\Dispatcher->_throwDispatchException('app\\controllers...', 2)
#1 [internal function]: Phalcon\Dispatcher->dispatch()
#2 /data1/work/zf/store/public/index.php(110): Phalcon\Mvc\Application->handle()
#3 {main}
[2018-01-05 15:18:51] 2018-01-05 15:18:51 exception 'Phalcon\Mvc\Dispatcher\Exception' with message 'app\controllers\AppController handler class cannot be loaded' in /data1/work/zf/store/public/index.php:110
Stack trace:
#0 [internal function]: Phalcon\Mvc\Dispatcher->_throwDispatchException('app\\controllers...', 2)
#1 [internal function]: Phalcon\Dispatcher->dispatch()
#2 /data1/work/zf/store/public/index.php(110): Phalcon\Mvc\Application->handle()
#3 {main}
[2018-01-05 15:18:51] 2018-01-05 15:18:51 exception 'Phalcon\Mvc\Dispatcher\Exception' with message 'app\controllers\ImgController handler class cannot be loaded' in /data1/work/zf/store/public/index.php:110
Stack trace:
#0 [internal function]: Phalcon\Mvc\Dispatcher->_throwDispatchException('app\\controllers...', 2)
#1 [internal function]: Phalcon\Dispatcher->dispatch()
#2 /data1/work/zf/store/public/index.php(110): Phalcon\Mvc\Application->handle()
#3 {main}
[2018-01-05 15:18:53] 2018-01-05 15:18:53 exception 'Phalcon\Mvc\Dispatcher\Exception' with message 'app\controllers\ImgController handler class cannot be loaded' in /data1/work/zf/store/public/index.php:110
Stack trace:
#0 [internal function]: Phalcon\Mvc\Dispatcher->_throwDispatchException('app\\controllers...', 2)
#1 [internal function]: Phalcon\Dispatcher->dispatch()
#2 /data1/work/zf/store/public/index.php(110): Phalcon\Mvc\Application->handle()
#3 {main}
[2018-01-05 15:18:54] 2018-01-05 15:18:54 exception 'Phalcon\Mvc\Dispatcher\Exception' with message 'app\controllers\ImgController handler class cannot be loaded' in /data1/work/zf/store/public/index.php:110
Stack trace:
#0 [internal function]: Phalcon\Mvc\Dispatcher->_throwDispatchException('app\\controllers...', 2)
#1 [internal function]: Phalcon\Dispatcher->dispatch()
#2 /data1/work/zf/store/public/index.php(110): Phalcon\Mvc\Application->handle()
#3 {main}
[2018-01-05 15:18:55] 2018-01-05 15:18:55 exception 'Phalcon\Mvc\Dispatcher\Exception' with message 'app\controllers\ImgController handler class cannot be loaded' in /data1/work/zf/store/public/index.php:110
Stack trace:
#0 [internal function]: Phalcon\Mvc\Dispatcher->_throwDispatchException('app\\controllers...', 2)
#1 [internal function]: Phalcon\Dispatcher->dispatch()
#2 /data1/work/zf/store/public/index.php(110): Phalcon\Mvc\Application->handle()
#3 {main}
[2018-01-05 15:36:15] 2018-01-05 15:36:15 exception 'Phalcon\Mvc\Dispatcher\Exception' with message 'app\controllers\ImgController handler class cannot be loaded' in /data1/work/zf/store/public/index.php:110
Stack trace:
#0 [internal function]: Phalcon\Mvc\Dispatcher->_throwDispatchException('app\\controllers...', 2)
#1 [internal function]: Phalcon\Dispatcher->dispatch()
#2 /data1/work/zf/store/public/index.php(110): Phalcon\Mvc\Application->handle()
#3 {main}
[2018-01-05 15:36:25] 2018-01-05 15:36:25 exception 'PhpOffice\PhpSpreadsheet\Writer\Exception' with message 'Could not close zip file hello_world.xlsx.' in /data1/work/zf/store/vendor/phpoffice/phpspreadsheet/src/PhpSpreadsheet/Writer/Xlsx.php:375
Stack trace:
#0 /data1/work/zf/store/app/controllers/Test2Controller.php(108): PhpOffice\PhpSpreadsheet\Writer\Xlsx->save('hello_world.xls...')
#1 [internal function]: app\controllers\Test2Controller->t21Action()
#2 [internal function]: Phalcon\Dispatcher->callActionMethod(Object(app\controllers\Test2Controller), 't21Action', Array)
#3 [internal function]: Phalcon\Dispatcher->dispatch()
#4 /data1/work/zf/store/public/index.php(110): Phalcon\Mvc\Application->handle()
#5 {main}
[2018-01-05 15:38:13] 2018-01-05 15:38:13 exception 'Phalcon\Mvc\Dispatcher\Exception' with message 'app\controllers\ImgController handler class cannot be loaded' in /data1/work/zf/store/public/index.php:110
Stack trace:
#0 [internal function]: Phalcon\Mvc\Dispatcher->_throwDispatchException('app\\controllers...', 2)
#1 [internal function]: Phalcon\Dispatcher->dispatch()
#2 /data1/work/zf/store/public/index.php(110): Phalcon\Mvc\Application->handle()
#3 {main}
[2018-01-05 15:39:23] 2018-01-05 15:39:23 exception 'Phalcon\Mvc\Dispatcher\Exception' with message 'app\controllers\ImgController handler class cannot be loaded' in /data1/work/zf/store/public/index.php:110
Stack trace:
#0 [internal function]: Phalcon\Mvc\Dispatcher->_throwDispatchException('app\\controllers...', 2)
#1 [internal function]: Phalcon\Dispatcher->dispatch()
#2 /data1/work/zf/store/public/index.php(110): Phalcon\Mvc\Application->handle()
#3 {main}
[2018-01-05 15:42:59] 2018-01-05 15:42:59 exception 'Phalcon\Mvc\Dispatcher\Exception' with message 'app\controllers\ImgController handler class cannot be loaded' in /data1/work/zf/store/public/index.php:110
Stack trace:
#0 [internal function]: Phalcon\Mvc\Dispatcher->_throwDispatchException('app\\controllers...', 2)
#1 [internal function]: Phalcon\Dispatcher->dispatch()
#2 /data1/work/zf/store/public/index.php(110): Phalcon\Mvc\Application->handle()
#3 {main}
[2018-01-05 15:43:57] 2018-01-05 15:43:57 exception 'Phalcon\Mvc\Dispatcher\Exception' with message 'app\controllers\ImgController handler class cannot be loaded' in /data1/work/zf/store/public/index.php:110
Stack trace:
#0 [internal function]: Phalcon\Mvc\Dispatcher->_throwDispatchException('app\\controllers...', 2)
#1 [internal function]: Phalcon\Dispatcher->dispatch()
#2 /data1/work/zf/store/public/index.php(110): Phalcon\Mvc\Application->handle()
#3 {main}
[2018-01-05 15:49:27] 2018-01-05 15:49:27 exception 'Phalcon\Mvc\Dispatcher\Exception' with message 'app\controllers\ImgController handler class cannot be loaded' in /data1/work/zf/store/public/index.php:110
Stack trace:
#0 [internal function]: Phalcon\Mvc\Dispatcher->_throwDispatchException('app\\controllers...', 2)
#1 [internal function]: Phalcon\Dispatcher->dispatch()
#2 /data1/work/zf/store/public/index.php(110): Phalcon\Mvc\Application->handle()
#3 {main}
[2018-01-05 15:56:40] 2018-01-05 15:56:40 exception 'Phalcon\Mvc\Dispatcher\Exception' with message 'app\controllers\ImgController handler class cannot be loaded' in /data1/work/zf/store/public/index.php:110
Stack trace:
#0 [internal function]: Phalcon\Mvc\Dispatcher->_throwDispatchException('app\\controllers...', 2)
#1 [internal function]: Phalcon\Dispatcher->dispatch()
#2 /data1/work/zf/store/public/index.php(110): Phalcon\Mvc\Application->handle()
#3 {main}
[2018-01-05 15:57:26] 2018-01-05 15:57:26 exception 'Phalcon\Mvc\Dispatcher\Exception' with message 'app\controllers\IndexController handler class cannot be loaded' in /data1/work/zf/store/public/index.php:110
Stack trace:
#0 [internal function]: Phalcon\Mvc\Dispatcher->_throwDispatchException('app\\controllers...', 2)
#1 [internal function]: Phalcon\Dispatcher->dispatch()
#2 /data1/work/zf/store/public/index.php(110): Phalcon\Mvc\Application->handle()
#3 {main}
[2018-01-05 15:57:45] 2018-01-05 15:57:45 exception 'Phalcon\Mvc\Dispatcher\Exception' with message 'app\controllers\ImgController handler class cannot be loaded' in /data1/work/zf/store/public/index.php:110
Stack trace:
#0 [internal function]: Phalcon\Mvc\Dispatcher->_throwDispatchException('app\\controllers...', 2)
#1 [internal function]: Phalcon\Dispatcher->dispatch()
#2 /data1/work/zf/store/public/index.php(110): Phalcon\Mvc\Application->handle()
#3 {main}
